[1014/183229.898:ERROR:directory_reader_win.cc(43)] FindFirstFile: The system cannot find the path specified. (0x3)
[1016/192426.660:ERROR:directory_reader_win.cc(43)] FindFirstFile: The system cannot find the path specified. (0x3)
[1017/002342.320:ERROR:process_reader_win.cc(155)] SuspendThread: Access is denied. (0x5)
[1017/002342.320:ERROR:process_reader_win.cc(155)] SuspendThread: Access is denied. (0x5)
[1017/002342.320:ERROR:process_reader_win.cc(155)] SuspendThread: Access is denied. (0x5)
[1017/002342.320:ERROR:process_reader_win.cc(155)] SuspendThread: Access is denied. (0x5)
[1017/002342.320:ERROR:process_reader_win.cc(155)] SuspendThread: Access is denied. (0x5)
[1017/002342.320:ERROR:process_reader_win.cc(155)] SuspendThread: Access is denied. (0x5)
[1017/002342.320:ERROR:process_reader_win.cc(155)] SuspendThread: Access is denied. (0x5)
[1017/002342.320:ERROR:process_reader_win.cc(155)] SuspendThread: Access is denied. (0x5)
[1017/002342.320:ERROR:process_reader_win.cc(155)] SuspendThread: Access is denied. (0x5)
[1017/002342.320:ERROR:process_reader_win.cc(155)] SuspendThread: Access is denied. (0x5)
[1017/002342.320:ERROR:process_reader_win.cc(155)] SuspendThread: Access is denied. (0x5)
[1017/002342.320:ERROR:process_reader_win.cc(155)] SuspendThread: Access is denied. (0x5)
[1017/002342.320:ERROR:process_reader_win.cc(155)] SuspendThread: Access is denied. (0x5)
[1017/002342.320:ERROR:process_reader_win.cc(155)] SuspendThread: Access is denied. (0x5)
[1017/002342.321:ERROR:process_reader_win.cc(155)] SuspendThread: Access is denied. (0x5)
[1017/002342.321:ERROR:process_reader_win.cc(155)] SuspendThread: Access is denied. (0x5)
[1017/002342.321:ERROR:process_reader_win.cc(155)] SuspendThread: Access is denied. (0x5)
[1017/002342.321:ERROR:process_reader_win.cc(127)] NtOpenThread: {Access Denied} A process has requested access to an object, but has not been granted those access rights. (0xc0000022)
[1017/002342.323:ERROR:exception_snapshot_win.cc(100)] thread ID 8760 not found in process
[1017/002342.444:ERROR:process_reader_win.cc(155)] SuspendThread: Access is denied. (0x5)
[1017/002342.444:ERROR:process_reader_win.cc(155)] SuspendThread: Access is denied. (0x5)
[1017/002342.444:ERROR:process_reader_win.cc(155)] SuspendThread: Access is denied. (0x5)
[1017/002342.444:ERROR:process_reader_win.cc(155)] SuspendThread: Access is denied. (0x5)
[1017/002342.444:ERROR:process_reader_win.cc(155)] SuspendThread: Access is denied. (0x5)
[1017/002342.444:ERROR:process_reader_win.cc(155)] SuspendThread: Access is denied. (0x5)
[1017/002342.444:ERROR:process_reader_win.cc(127)] NtOpenThread: {Access Denied} A process has requested access to an object, but has not been granted those access rights. (0xc0000022)
[1017/002342.444:ERROR:exception_snapshot_win.cc(100)] thread ID 7548 not found in process
[1017/002342.558:ERROR:process_reader_win.cc(155)] SuspendThread: Access is denied. (0x5)
[1017/002342.558:ERROR:process_reader_win.cc(155)] SuspendThread: Access is denied. (0x5)
[1017/002342.558:ERROR:process_reader_win.cc(155)] SuspendThread: Access is denied. (0x5)
[1017/002342.558:ERROR:process_reader_win.cc(155)] SuspendThread: Access is denied. (0x5)
[1017/002342.558:ERROR:process_reader_win.cc(155)] SuspendThread: Access is denied. (0x5)
[1017/002342.558:ERROR:process_reader_win.cc(127)] NtOpenThread: {Access Denied} A process has requested access to an object, but has not been granted those access rights. (0xc0000022)
[1017/002342.558:ERROR:exception_snapshot_win.cc(100)] thread ID 15920 not found in process
[1017/002342.789:ERROR:process_reader_win.cc(155)] SuspendThread: Access is denied. (0x5)
[1017/002342.789:ERROR:process_reader_win.cc(155)] SuspendThread: Access is denied. (0x5)
[1017/002342.789:ERROR:process_reader_win.cc(155)] SuspendThread: Access is denied. (0x5)
[1017/002342.789:ERROR:process_reader_win.cc(155)] SuspendThread: Access is denied. (0x5)
[1017/002342.789:ERROR:process_reader_win.cc(155)] SuspendThread: Access is denied. (0x5)
[1017/002342.789:ERROR:process_reader_win.cc(127)] NtOpenThread: {Access Denied} A process has requested access to an object, but has not been granted those access rights. (0xc0000022)
[1017/002342.789:ERROR:exception_snapshot_win.cc(100)] thread ID 24616 not found in process
[1017/002342.897:ERROR:process_reader_win.cc(155)] SuspendThread: Access is denied. (0x5)
[1017/002342.897:ERROR:process_reader_win.cc(155)] SuspendThread: Access is denied. (0x5)
[1017/002342.897:ERROR:process_reader_win.cc(155)] SuspendThread: Access is denied. (0x5)
[1017/002342.897:ERROR:process_reader_win.cc(155)] SuspendThread: Access is denied. (0x5)
[1017/002342.898:ERROR:process_reader_win.cc(155)] SuspendThread: Access is denied. (0x5)
[1017/002342.898:ERROR:process_reader_win.cc(155)] SuspendThread: Access is denied. (0x5)
[1017/002342.898:ERROR:process_reader_win.cc(155)] SuspendThread: Access is denied. (0x5)
[1017/002342.898:ERROR:process_reader_win.cc(127)] NtOpenThread: {Access Denied} A process has requested access to an object, but has not been granted those access rights. (0xc0000022)
[1017/002342.898:ERROR:exception_snapshot_win.cc(100)] thread ID 3616 not found in process
[1017/002342.964:ERROR:process_reader_win.cc(155)] SuspendThread: Access is denied. (0x5)
[1017/002342.964:ERROR:process_reader_win.cc(155)] SuspendThread: Access is denied. (0x5)
[1017/002342.964:ERROR:process_reader_win.cc(155)] SuspendThread: Access is denied. (0x5)
[1017/002342.964:ERROR:process_reader_win.cc(155)] SuspendThread: Access is denied. (0x5)
[1017/002342.964:ERROR:process_reader_win.cc(155)] SuspendThread: Access is denied. (0x5)
[1017/002342.964:ERROR:process_reader_win.cc(155)] SuspendThread: Access is denied. (0x5)
[1017/002342.964:ERROR:process_reader_win.cc(127)] NtOpenThread: {Access Denied} A process has requested access to an object, but has not been granted those access rights. (0xc0000022)
[1017/002342.964:ERROR:exception_snapshot_win.cc(100)] thread ID 25664 not found in process
[1017/002343.081:ERROR:process_reader_win.cc(155)] SuspendThread: Access is denied. (0x5)
[1017/002343.081:ERROR:process_reader_win.cc(155)] SuspendThread: Access is denied. (0x5)
[1017/002343.081:ERROR:process_reader_win.cc(155)] SuspendThread: Access is denied. (0x5)
[1017/002343.081:ERROR:process_reader_win.cc(155)] SuspendThread: Access is denied. (0x5)
[1017/002343.081:ERROR:process_reader_win.cc(155)] SuspendThread: Access is denied. (0x5)
[1017/002343.081:ERROR:process_reader_win.cc(155)] SuspendThread: Access is denied. (0x5)
[1017/002343.081:ERROR:process_reader_win.cc(155)] SuspendThread: Access is denied. (0x5)
[1017/002343.081:ERROR:process_reader_win.cc(155)] SuspendThread: Access is denied. (0x5)
[1017/002343.081:ERROR:process_reader_win.cc(155)] SuspendThread: Access is denied. (0x5)
[1017/002343.081:ERROR:process_reader_win.cc(155)] SuspendThread: Access is denied. (0x5)
[1017/002343.081:ERROR:process_reader_win.cc(155)] SuspendThread: Access is denied. (0x5)
[1017/002343.081:ERROR:process_reader_win.cc(127)] NtOpenThread: {Access Denied} A process has requested access to an object, but has not been granted those access rights. (0xc0000022)
[1017/002343.081:ERROR:exception_snapshot_win.cc(100)] thread ID 25424 not found in process
[1017/002343.773:ERROR:filesystem_win.cc(129)] GetFileAttributes C:\Users\shawn\AppData\Local\Microsoft\Edge\User Data\Crashpad\attachments\72f01fbc-99e7-4869-9c0b-a081ebc24ead: The system cannot find the path specified. (0x3)
[1017/002343.786:ERROR:filesystem_win.cc(129)] GetFileAttributes C:\Users\shawn\AppData\Local\Microsoft\Edge\User Data\Crashpad\attachments\a2a6081a-a62e-43d4-95aa-a28860728344: The system cannot find the path specified. (0x3)
[1017/002343.798:ERROR:filesystem_win.cc(129)] GetFileAttributes C:\Users\shawn\AppData\Local\Microsoft\Edge\User Data\Crashpad\attachments\0c70c1ba-9de7-400b-b689-f37ad7e6af78: The system cannot find the path specified. (0x3)
[1018/121715.347:ERROR:directory_reader_win.cc(43)] FindFirstFile: The system cannot find the path specified. (0x3)
[1020/195730.282:ERROR:filesystem_win.cc(129)] GetFileAttributes C:\Users\shawn\AppData\Local\Microsoft\Edge\User Data\Crashpad\attachments\4e363b43-831b-48bd-b354-1bd3fd396257: The system cannot find the path specified. (0x3)
[1020/195730.290:ERROR:filesystem_win.cc(129)] GetFileAttributes C:\Users\shawn\AppData\Local\Microsoft\Edge\User Data\Crashpad\attachments\96ee0d85-6295-4b0c-ad6e-a1df990391c0: The system cannot find the path specified. (0x3)
[1020/195730.298:ERROR:filesystem_win.cc(129)] GetFileAttributes C:\Users\shawn\AppData\Local\Microsoft\Edge\User Data\Crashpad\attachments\bae38430-6b17-4a03-9ce2-ad11d1d58eef: The system cannot find the path specified. (0x3)
[1020/195730.304:ERROR:filesystem_win.cc(129)] GetFileAttributes C:\Users\shawn\AppData\Local\Microsoft\Edge\User Data\Crashpad\attachments\fe084adb-5428-4a89-bb69-4f2d6ce5a396: The system cannot find the path specified. (0x3)
[1020/195730.306:ERROR:directory_reader_win.cc(43)] FindFirstFile: The system cannot find the path specified. (0x3)
[1023/154233.077:ERROR:directory_reader_win.cc(43)] FindFirstFile: The system cannot find the path specified. (0x3)
